# JRE version: OpenJDK Runtime Environment Temurin-21.0.8+9 (21.0.8+9) (build 21.0.8+9-LTS)
# Java VM: OpenJDK 64-Bit Server VM Temurin-21.0.8+9 (21.0.8+9-LTS, mixed mode, sharing, tiered, compressed oops, compressed class ptrs, parallel gc, windows-amd64)
GC Precious Log:
 CardTable entry size: 512
 CPUs: 16 total, 16 available
 Memory: 16068M
 Large Page Support: Disabled
 NUMA Support: Disabled
 Compressed Oops: Enabled (32-bit)
 Alignments: Space 512K, Generation 512K, Heap 2M
 Heap Min Capacity: 100M
 Heap Initial Capacity: 100M
 Heap Max Capacity: 2G
 Pre-touch: Disabled
 Parallel Workers: 13
Heap:
 PSYoungGen      total 10240K, used 6613K [0x00000000d5580000, 0x00000000d6100000, 0x0000000100000000)
  eden space 8704K, 62% used [0x00000000d5580000,0x00000000d5ad6330,0x00000000d5e00000)
  from space 1536K, 74% used [0x00000000d5f80000,0x00000000d609f210,0x00000000d6100000)
  to   space 1536K, 0% used [0x00000000d5e00000,0x00000000d5e00000,0x00000000d5f80000)
 ParOldGen       total 91648K, used 91471K [0x0000000080000000, 0x0000000085980000, 0x00000000d5580000)
  object space 91648K, 99% used [0x0000000080000000,0x0000000085953f98,0x0000000085980000)
 Metaspace       used 63311K, committed 64640K, reserved 1114112K
  class space    used 7800K, committed 8384K, reserved 1048576K
GC Heap History (20 events):
Event: 31.479 GC heap before
{Heap before GC invocations=61 (full 3):
 PSYoungGen      total 11776K, used 11584K [0x00000000d5580000, 0x00000000d6280000, 0x0000000100000000)
  eden space 10240K, 100% used [0x00000000d5580000,0x00000000d5f80000,0x00000000d5f80000)
  from space 1536K, 87% used [0x00000000d5f80000,0x00000000d60d0000,0x00000000d6100000)
  to   space 1536K, 0% used [0x00000000d6100000,0x00000000d6100000,0x00000000d6280000)
 ParOldGen       total 80384K, used 79885K [0x0000000080000000, 0x0000000084e80000, 0x00000000d5580000)
  object space 80384K, 99% used [0x0000000080000000,0x0000000084e03728,0x0000000084e80000)
 Metaspace       used 61759K, committed 63104K, reserved 1114112K
  class space    used 7546K, committed 8128K, reserved 1048576K
}
Event: 31.484 GC heap after
{Heap after GC invocations=61 (full 3):
 PSYoungGen      total 11776K, used 1388K [0x00000000d5580000, 0x00000000d6280000, 0x0000000100000000)
  eden space 10240K, 0% used [0x00000000d5580000,0x00000000d5580000,0x00000000d5f80000)
  from space 1536K, 90% used [0x00000000d6100000,0x00000000d625b010,0x00000000d6280000)
  to   space 1536K, 0% used [0x00000000d5f80000,0x00000000d5f80000,0x00000000d6100000)
 ParOldGen       total 81408K, used 80965K [0x0000000080000000, 0x0000000084f80000, 0x00000000d5580000)
  object space 81408K, 99% used [0x0000000080000000,0x0000000084f11728,0x0000000084f80000)
 Metaspace       used 61759K, committed 63104K, reserved 1114112K
  class space    used 7546K, committed 8128K, reserved 1048576K
}
Event: 31.562 GC heap before
{Heap before GC invocations=62 (full 3):
 PSYoungGen      total 11776K, used 11628K [0x00000000d5580000, 0x00000000d6280000, 0x0000000100000000)
  eden space 10240K, 100% used [0x00000000d5580000,0x00000000d5f80000,0x00000000d5f80000)
  from space 1536K, 90% used [0x00000000d6100000,0x00000000d625b010,0x00000000d6280000)
  to   space 1536K, 0% used [0x00000000d5f80000,0x00000000d5f80000,0x00000000d6100000)
 ParOldGen       total 81408K, used 80965K [0x0000000080000000, 0x0000000084f80000, 0x00000000d5580000)
  object space 81408K, 99% used [0x0000000080000000,0x0000000084f11728,0x0000000084f80000)
 Metaspace       used 61885K, committed 63232K, reserved 1114112K
  class space    used 7565K, committed 8128K, reserved 1048576K
}
Event: 31.566 GC heap after
{Heap after GC invocations=62 (full 3):
 PSYoungGen      total 11776K, used 1272K [0x00000000d5580000, 0x00000000d6280000, 0x0000000100000000)
  eden space 10240K, 0% used [0x00000000d5580000,0x00000000d5580000,0x00000000d5f80000)
  from space 1536K, 82% used [0x00000000d5f80000,0x00000000d60be008,0x00000000d6100000)
  to   space 1536K, 0% used [0x00000000d6100000,0x00000000d6100000,0x00000000d6280000)
 ParOldGen       total 82432K, used 82217K [0x0000000080000000, 0x0000000085080000, 0x00000000d5580000)
  object space 82432K, 99% used [0x0000000080000000,0x000000008504a738,0x0000000085080000)
 Metaspace       used 61885K, committed 63232K, reserved 1114112K
  class space    used 7565K, committed 8128K, reserved 1048576K
}
Event: 31.648 GC heap before
{Heap before GC invocations=63 (full 3):
 PSYoungGen      total 11776K, used 11512K [0x00000000d5580000, 0x00000000d6280000, 0x0000000100000000)
  eden space 10240K, 100% used [0x00000000d5580000,0x00000000d5f80000,0x00000000d5f80000)
  from space 1536K, 82% used [0x00000000d5f80000,0x00000000d60be008,0x00000000d6100000)
  to   space 1536K, 0% used [0x00000000d6100000,0x00000000d6100000,0x00000000d6280000)
 ParOldGen       total 82432K, used 82217K [0x0000000080000000, 0x0000000085080000, 0x00000000d5580000)
  object space 82432K, 99% used [0x0000000080000000,0x000000008504a738,0x0000000085080000)
 Metaspace       used 62021K, committed 63360K, reserved 1114112K
  class space    used 7592K, committed 8192K, reserved 1048576K
}
Event: 31.653 GC heap after
{Heap after GC invocations=63 (full 3):
 PSYoungGen      total 10240K, used 1504K [0x00000000d5580000, 0x00000000d6580000, 0x0000000100000000)
  eden space 8704K, 0% used [0x00000000d5580000,0x00000000d5580000,0x00000000d5e00000)
  from space 1536K, 97% used [0x00000000d6100000,0x00000000d6278020,0x00000000d6280000)
  to   space 3072K, 0% used [0x00000000d5e00000,0x00000000d5e00000,0x00000000d6100000)
 ParOldGen       total 83456K, used 83410K [0x0000000080000000, 0x0000000085180000, 0x00000000d5580000)
  object space 83456K, 99% used [0x0000000080000000,0x00000000851749e0,0x0000000085180000)
 Metaspace       used 62021K, committed 63360K, reserved 1114112K
  class space    used 7592K, committed 8192K, reserved 1048576K
}
Event: 31.731 GC heap before
{Heap before GC invocations=64 (full 3):
 PSYoungGen      total 10240K, used 10208K [0x00000000d5580000, 0x00000000d6580000, 0x0000000100000000)
  eden space 8704K, 100% used [0x00000000d5580000,0x00000000d5e00000,0x00000000d5e00000)
  from space 1536K, 97% used [0x00000000d6100000,0x00000000d6278020,0x00000000d6280000)
  to   space 3072K, 0% used [0x00000000d5e00000,0x00000000d5e00000,0x00000000d6100000)
 ParOldGen       total 83456K, used 83410K [0x0000000080000000, 0x0000000085180000, 0x00000000d5580000)
  object space 83456K, 99% used [0x0000000080000000,0x00000000851749e0,0x0000000085180000)
 Metaspace       used 62077K, committed 63424K, reserved 1114112K
  class space    used 7599K, committed 8192K, reserved 1048576K
}
Event: 31.736 GC heap after
{Heap after GC invocations=64 (full 3):
 PSYoungGen      total 10240K, used 1504K [0x00000000d5580000, 0x00000000d6200000, 0x0000000100000000)
  eden space 8704K, 0% used [0x00000000d5580000,0x00000000d5580000,0x00000000d5e00000)
  from space 1536K, 97% used [0x00000000d5e00000,0x00000000d5f78010,0x00000000d5f80000)
  to   space 2048K, 0% used [0x00000000d6000000,0x00000000d6000000,0x00000000d6200000)
 ParOldGen       total 84992K, used 84762K [0x0000000080000000, 0x0000000085300000, 0x00000000d5580000)
  object space 84992K, 99% used [0x0000000080000000,0x00000000852c6a10,0x0000000085300000)
 Metaspace       used 62077K, committed 63424K, reserved 1114112K
  class space    used 7599K, committed 8192K, reserved 1048576K
}
Event: 31.890 GC heap before
{Heap before GC invocations=65 (full 3):
 PSYoungGen      total 10240K, used 10208K [0x00000000d5580000, 0x00000000d6200000, 0x0000000100000000)
  eden space 8704K, 100% used [0x00000000d5580000,0x00000000d5e00000,0x00000000d5e00000)
  from space 1536K, 97% used [0x00000000d5e00000,0x00000000d5f78010,0x00000000d5f80000)
  to   space 2048K, 0% used [0x00000000d6000000,0x00000000d6000000,0x00000000d6200000)
 ParOldGen       total 84992K, used 84762K [0x0000000080000000, 0x0000000085300000, 0x00000000d5580000)
  object space 84992K, 99% used [0x0000000080000000,0x00000000852c6a10,0x0000000085300000)
 Metaspace       used 62232K, committed 63552K, reserved 1114112K
  class space    used 7618K, committed 8192K, reserved 1048576K
}
Event: 31.896 GC heap after
{Heap after GC invocations=65 (full 3):
 PSYoungGen      total 10240K, used 1184K [0x00000000d5580000, 0x00000000d6180000, 0x0000000100000000)
  eden space 8704K, 0% used [0x00000000d5580000,0x00000000d5580000,0x00000000d5e00000)
  from space 1536K, 77% used [0x00000000d6000000,0x00000000d6128000,0x00000000d6180000)
  to   space 1536K, 0% used [0x00000000d5e00000,0x00000000d5e00000,0x00000000d5f80000)
 ParOldGen       total 86528K, used 86046K [0x0000000080000000, 0x0000000085480000, 0x00000000d5580000)
  object space 86528K, 99% used [0x0000000080000000,0x0000000085407a98,0x0000000085480000)
 Metaspace       used 62232K, committed 63552K, reserved 1114112K
  class space    used 7618K, committed 8192K, reserved 1048576K
}
Event: 32.014 GC heap before
{Heap before GC invocations=66 (full 3):
 PSYoungGen      total 10240K, used 9888K [0x00000000d5580000, 0x00000000d6180000, 0x0000000100000000)
  eden space 8704K, 100% used [0x00000000d5580000,0x00000000d5e00000,0x00000000d5e00000)
  from space 1536K, 77% used [0x00000000d6000000,0x00000000d6128000,0x00000000d6180000)
  to   space 1536K, 0% used [0x00000000d5e00000,0x00000000d5e00000,0x00000000d5f80000)
 ParOldGen       total 86528K, used 86046K [0x0000000080000000, 0x0000000085480000, 0x00000000d5580000)
  object space 86528K, 99% used [0x0000000080000000,0x0000000085407a98,0x0000000085480000)
 Metaspace       used 62358K, committed 63744K, reserved 1114112K
  class space    used 7644K, committed 8256K, reserved 1048576K
}
Event: 32.017 GC heap after
{Heap after GC invocations=66 (full 3):
 PSYoungGen      total 10240K, used 1142K [0x00000000d5580000, 0x00000000d6100000, 0x0000000100000000)
  eden space 8704K, 0% used [0x00000000d5580000,0x00000000d5580000,0x00000000d5e00000)
  from space 1536K, 74% used [0x00000000d5e00000,0x00000000d5f1daa0,0x00000000d5f80000)
  to   space 1536K, 0% used [0x00000000d5f80000,0x00000000d5f80000,0x00000000d6100000)
 ParOldGen       total 87040K, used 86982K [0x0000000080000000, 0x0000000085500000, 0x00000000d5580000)
  object space 87040K, 99% used [0x0000000080000000,0x00000000854f19b8,0x0000000085500000)
 Metaspace       used 62358K, committed 63744K, reserved 1114112K
  class space    used 7644K, committed 8256K, reserved 1048576K
}
Event: 32.114 GC heap before
{Heap before GC invocations=67 (full 3):
 PSYoungGen      total 10240K, used 9846K [0x00000000d5580000, 0x00000000d6100000, 0x0000000100000000)
  eden space 8704K, 100% used [0x00000000d5580000,0x00000000d5e00000,0x00000000d5e00000)
  from space 1536K, 74% used [0x00000000d5e00000,0x00000000d5f1daa0,0x00000000d5f80000)
  to   space 1536K, 0% used [0x00000000d5f80000,0x00000000d5f80000,0x00000000d6100000)
 ParOldGen       total 87040K, used 86982K [0x0000000080000000, 0x0000000085500000, 0x00000000d5580000)
  object space 87040K, 99% used [0x0000000080000000,0x00000000854f19b8,0x0000000085500000)
 Metaspace       used 62633K, committed 64000K, reserved 1114112K
  class space    used 7681K, committed 8256K, reserved 1048576K
}
Event: 32.118 GC heap after
{Heap after GC invocations=67 (full 3):
 PSYoungGen      total 10240K, used 1040K [0x00000000d5580000, 0x00000000d6100000, 0x0000000100000000)
  eden space 8704K, 0% used [0x00000000d5580000,0x00000000d5580000,0x00000000d5e00000)
  from space 1536K, 67% used [0x00000000d5f80000,0x00000000d6084330,0x00000000d6100000)
  to   space 1536K, 0% used [0x00000000d5e00000,0x00000000d5e00000,0x00000000d5f80000)
 ParOldGen       total 88064K, used 87931K [0x0000000080000000, 0x0000000085600000, 0x00000000d5580000)
  object space 88064K, 99% used [0x0000000080000000,0x00000000855ded38,0x0000000085600000)
 Metaspace       used 62633K, committed 64000K, reserved 1114112K
  class space    used 7681K, committed 8256K, reserved 1048576K
}
Event: 32.195 GC heap before
{Heap before GC invocations=68 (full 3):
 PSYoungGen      total 10240K, used 9719K [0x00000000d5580000, 0x00000000d6100000, 0x0000000100000000)
  eden space 8704K, 99% used [0x00000000d5580000,0x00000000d5df9ad8,0x00000000d5e00000)
  from space 1536K, 67% used [0x00000000d5f80000,0x00000000d6084330,0x00000000d6100000)
  to   space 1536K, 0% used [0x00000000d5e00000,0x00000000d5e00000,0x00000000d5f80000)
 ParOldGen       total 88064K, used 87931K [0x0000000080000000, 0x0000000085600000, 0x00000000d5580000)
  object space 88064K, 99% used [0x0000000080000000,0x00000000855ded38,0x0000000085600000)
 Metaspace       used 62789K, committed 64128K, reserved 1114112K
  class space    used 7709K, committed 8320K, reserved 1048576K
}
Event: 32.198 GC heap after
{Heap after GC invocations=68 (full 3):
 PSYoungGen      total 10240K, used 1017K [0x00000000d5580000, 0x00000000d6100000, 0x0000000100000000)
  eden space 8704K, 0% used [0x00000000d5580000,0x00000000d5580000,0x00000000d5e00000)
  from space 1536K, 66% used [0x00000000d5e00000,0x00000000d5efe740,0x00000000d5f80000)
  to   space 1536K, 0% used [0x00000000d5f80000,0x00000000d5f80000,0x00000000d6100000)
 ParOldGen       total 89088K, used 88863K [0x0000000080000000, 0x0000000085700000, 0x00000000d5580000)
  object space 89088K, 99% used [0x0000000080000000,0x00000000856c7cf8,0x0000000085700000)
 Metaspace       used 62789K, committed 64128K, reserved 1114112K
  class space    used 7709K, committed 8320K, reserved 1048576K
}
Event: 32.267 GC heap before
{Heap before GC invocations=69 (full 3):
 PSYoungGen      total 10240K, used 9721K [0x00000000d5580000, 0x00000000d6100000, 0x0000000100000000)
  eden space 8704K, 100% used [0x00000000d5580000,0x00000000d5e00000,0x00000000d5e00000)
  from space 1536K, 66% used [0x00000000d5e00000,0x00000000d5efe740,0x00000000d5f80000)
  to   space 1536K, 0% used [0x00000000d5f80000,0x00000000d5f80000,0x00000000d6100000)
 ParOldGen       total 89088K, used 88863K [0x0000000080000000, 0x0000000085700000, 0x00000000d5580000)
  object space 89088K, 99% used [0x0000000080000000,0x00000000856c7cf8,0x0000000085700000)
 Metaspace       used 62907K, committed 64256K, reserved 1114112K
  class space    used 7734K, committed 8320K, reserved 1048576K
}
Event: 32.271 GC heap after
{Heap after GC invocations=69 (full 3):
 PSYoungGen      total 10240K, used 1056K [0x00000000d5580000, 0x00000000d6100000, 0x0000000100000000)
  eden space 8704K, 0% used [0x00000000d5580000,0x00000000d5580000,0x00000000d5e00000)
  from space 1536K, 68% used [0x00000000d5f80000,0x00000000d6088000,0x00000000d6100000)
  to   space 1536K, 0% used [0x00000000d5e00000,0x00000000d5e00000,0x00000000d5f80000)
 ParOldGen       total 90112K, used 89646K [0x0000000080000000, 0x0000000085800000, 0x00000000d5580000)
  object space 90112K, 99% used [0x0000000080000000,0x000000008578b820,0x0000000085800000)
 Metaspace       used 62907K, committed 64256K, reserved 1114112K
  class space    used 7734K, committed 8320K, reserved 1048576K
}
Event: 32.326 GC heap before
{Heap before GC invocations=70 (full 3):
 PSYoungGen      total 10240K, used 9760K [0x00000000d5580000, 0x00000000d6100000, 0x0000000100000000)
  eden space 8704K, 100% used [0x00000000d5580000,0x00000000d5e00000,0x00000000d5e00000)
  from space 1536K, 68% used [0x00000000d5f80000,0x00000000d6088000,0x00000000d6100000)
  to   space 1536K, 0% used [0x00000000d5e00000,0x00000000d5e00000,0x00000000d5f80000)
 ParOldGen       total 90112K, used 89646K [0x0000000080000000, 0x0000000085800000, 0x00000000d5580000)
  object space 90112K, 99% used [0x0000000080000000,0x000000008578b820,0x0000000085800000)
 Metaspace       used 63044K, committed 64384K, reserved 1114112K
  class space    used 7755K, committed 8320K, reserved 1048576K
}
Event: 32.329 GC heap after
{Heap after GC invocations=70 (full 3):
 PSYoungGen      total 10240K, used 1172K [0x00000000d5580000, 0x00000000d6100000, 0x0000000100000000)
  eden space 8704K, 0% used [0x00000000d5580000,0x00000000d5580000,0x00000000d5e00000)
  from space 1536K, 76% used [0x00000000d5e00000,0x00000000d5f251c8,0x00000000d5f80000)
  to   space 1536K, 0% used [0x00000000d5f80000,0x00000000d5f80000,0x00000000d6100000)
 ParOldGen       total 90624K, used 90454K [0x0000000080000000, 0x0000000085880000, 0x00000000d5580000)
  object space 90624K, 99% used [0x0000000080000000,0x0000000085855820,0x0000000085880000)
 Metaspace       used 63044K, committed 64384K, reserved 1114112K
  class space    used 7755K, committed 8320K, reserved 1048576K
}

